Prg state:
ExeStack:
openRFile(var_f, "test.in")
(readFile(var_f, var_c); (Print(var_c); (IF(var_c) THEN((readFile(var_f, var_c); Print(var_c)))ELSE(Print(0)); closeRFile(var_f))))
SymTable:
Out:

Prg state:
ExeStack:
(readFile(var_f, var_c); (Print(var_c); (IF(var_c) THEN((readFile(var_f, var_c); Print(var_c)))ELSE(Print(0)); closeRFile(var_f))))
SymTable:
var_f -> 1
Out:

Prg state:
ExeStack:
readFile(var_f, var_c)
(Print(var_c); (IF(var_c) THEN((readFile(var_f, var_c); Print(var_c)))ELSE(Print(0)); closeRFile(var_f)))
SymTable:
var_f -> 1
Out:

Prg state:
ExeStack:
(Print(var_c); (IF(var_c) THEN((readFile(var_f, var_c); Print(var_c)))ELSE(Print(0)); closeRFile(var_f)))
SymTable:
var_f -> 1
var_c -> 3
Out:

Prg state:
ExeStack:
Print(var_c)
(IF(var_c) THEN((readFile(var_f, var_c); Print(var_c)))ELSE(Print(0)); closeRFile(var_f))
SymTable:
var_f -> 1
var_c -> 3
Out:

Prg state:
ExeStack:
(IF(var_c) THEN((readFile(var_f, var_c); Print(var_c)))ELSE(Print(0)); closeRFile(var_f))
SymTable:
var_f -> 1
var_c -> 3
Out:
3

Prg state:
ExeStack:
IF(var_c) THEN((readFile(var_f, var_c); Print(var_c)))ELSE(Print(0))
closeRFile(var_f)
SymTable:
var_f -> 1
var_c -> 3
Out:
3

Prg state:
ExeStack:
readFile(var_f, var_c)
Print(var_c)
closeRFile(var_f)
SymTable:
var_f -> 1
var_c -> 3
Out:
3

Prg state:
ExeStack:
Print(var_c)
closeRFile(var_f)
SymTable:
var_f -> 1
var_c -> 50
Out:
3

Prg state:
ExeStack:
closeRFile(var_f)
SymTable:
var_f -> 1
var_c -> 50
Out:
3
50

Prg state:
ExeStack:
SymTable:
var_f -> 1
var_c -> 50
Out:
3
50

