Prg state:
ExeStack:
v = 10
(new(v, 20); (new(a, 22); (wH(a, 30); (Print(a); Print(rH(a))))))
SymTable:
Out:
FileTable:
Heap:

Prg state:
ExeStack:
(new(v, 20); (new(a, 22); (wH(a, 30); (Print(a); Print(rH(a))))))
SymTable:
v -> 10
Out:
FileTable:
Heap:

Prg state:
ExeStack:
new(v, 20)
(new(a, 22); (wH(a, 30); (Print(a); Print(rH(a)))))
SymTable:
v -> 10
Out:
FileTable:
Heap:

Prg state:
ExeStack:
(new(a, 22); (wH(a, 30); (Print(a); Print(rH(a)))))
SymTable:
v -> 1
Out:
FileTable:
Heap:
1 -> 20

Prg state:
ExeStack:
new(a, 22)
(wH(a, 30); (Print(a); Print(rH(a))))
SymTable:
v -> 1
Out:
FileTable:
Heap:
1 -> 20

Prg state:
ExeStack:
(wH(a, 30); (Print(a); Print(rH(a))))
SymTable:
a -> 2
v -> 1
Out:
FileTable:
Heap:
1 -> 20
2 -> 22

Prg state:
ExeStack:
wH(a, 30)
(Print(a); Print(rH(a)))
SymTable:
a -> 2
v -> 1
Out:
FileTable:
Heap:
1 -> 20
2 -> 22

Prg state:
ExeStack:
(Print(a); Print(rH(a)))
SymTable:
a -> 2
v -> 1
Out:
FileTable:
Heap:
1 -> 20
2 -> 30

Prg state:
ExeStack:
Print(a)
Print(rH(a))
SymTable:
a -> 2
v -> 1
Out:
FileTable:
Heap:
1 -> 20
2 -> 30

Prg state:
ExeStack:
Print(rH(a))
SymTable:
a -> 2
v -> 1
Out:
2
FileTable:
Heap:
1 -> 20
2 -> 30

Prg state:
ExeStack:
SymTable:
a -> 2
v -> 1
Out:
2
30
FileTable:
Heap:
1 -> 20
2 -> 30

