Prg state:
ExeStack:
openRFile(var_f, "test2.in")
(readFile(var_f, var_c); (Print(var_c); (IF(var_c) THEN((readFile(var_f, var_c); Print(var_c)))ELSE(Print(0)); closeRFile(var_f))))
SymTable:
Out:
FileTable:

Prg state:
ExeStack:
(readFile(var_f, var_c); (Print(var_c); (IF(var_c) THEN((readFile(var_f, var_c); Print(var_c)))ELSE(Print(0)); closeRFile(var_f))))
SymTable:
var_f -> 1
Out:
FileTable:
1 -> test2.in=java.io.BufferedReader@7d4991ad

Prg state:
ExeStack:
readFile(var_f, var_c)
(Print(var_c); (IF(var_c) THEN((readFile(var_f, var_c); Print(var_c)))ELSE(Print(0)); closeRFile(var_f)))
SymTable:
var_f -> 1
Out:
FileTable:
1 -> test2.in=java.io.BufferedReader@7d4991ad

Prg state:
ExeStack:
(Print(var_c); (IF(var_c) THEN((readFile(var_f, var_c); Print(var_c)))ELSE(Print(0)); closeRFile(var_f)))
SymTable:
var_f -> 1
var_c -> 0
Out:
FileTable:
1 -> test2.in=java.io.BufferedReader@7d4991ad

Prg state:
ExeStack:
Print(var_c)
(IF(var_c) THEN((readFile(var_f, var_c); Print(var_c)))ELSE(Print(0)); closeRFile(var_f))
SymTable:
var_f -> 1
var_c -> 0
Out:
FileTable:
1 -> test2.in=java.io.BufferedReader@7d4991ad

Prg state:
ExeStack:
(IF(var_c) THEN((readFile(var_f, var_c); Print(var_c)))ELSE(Print(0)); closeRFile(var_f))
SymTable:
var_f -> 1
var_c -> 0
Out:
0
FileTable:
1 -> test2.in=java.io.BufferedReader@7d4991ad

Prg state:
ExeStack:
IF(var_c) THEN((readFile(var_f, var_c); Print(var_c)))ELSE(Print(0))
closeRFile(var_f)
SymTable:
var_f -> 1
var_c -> 0
Out:
0
FileTable:
1 -> test2.in=java.io.BufferedReader@7d4991ad

Prg state:
ExeStack:
closeRFile(var_f)
SymTable:
var_f -> 1
var_c -> 0
Out:
0
0
FileTable:
1 -> test2.in=java.io.BufferedReader@7d4991ad

Prg state:
ExeStack:
SymTable:
var_f -> 1
var_c -> 0
Out:
0
0
FileTable:

