     1                                  bits 32 ; assembling for the 32 bits architecture
     2                                  
     3                                  ; declare the EntryPoint (a label defining the very first instruction of the program)
     4                                  global start        
     5                                  
     6                                  ; declare external functions needed by our program
     7                                  extern exit, fprintf, fopen               ; tell nasm that exit exists even if we won't be defining it
     8                                  import exit msvcrt.dll
     9                                  import fprintf msvcrt.dll
    10                                  import fopen msvcrt.dll
    11                                      ; exit is a function that ends the calling process. It is defined in msvcrt.dll
    12                                                            ; msvcrt.dll contains exit, printf and all the other important C-runtime specific functions
    13                                  
    14                                  ; our data is declared here (the variables needed by our program)
    15                                  segment data use32 class=data
    16                                      ; ...
    17 00000000 256400                      format db "%d", 0
    18 00000003 746578742E74787400          numefisier db "text.txt", 0
    19 0000000C 7700                        formatdeschidere db "w", 0
    20 0000000E 00000000                    descriptor dd 0
    21                                      
    22                                      
    23                                  ; our code starts here
    24                                  segment code use32 class=code
    25                                      start:
    26                                          ; ...
    27                                          
    28                                          
    29                                          
    30 00000000 68[0C000000]                    push formatdeschidere
    31 00000005 68[03000000]                    push numefisier
    32 0000000A FF15[00000000]                  call [fopen]
    33 00000010 A3[0E000000]                    mov [descriptor], eax
    34 00000015 83C408                          add esp, 4 * 2
    35                                          
    36 00000018 B800000000                      mov eax, 0
    37 0000001D B005                            mov al, 5
    38                                          
    39 0000001F 50                              push eax
    40 00000020 68[00000000]                    push format
    41 00000025 FF35[0E000000]                  push dword [descriptor]
    42 0000002B FF15[00000000]                  call [fprintf]
    43 00000031 83C40C                          add esp, 4 * 3
    44                                          
    45                                          ; exit(0)
    46 00000034 6A00                            push    dword 0      ; push the parameter for exit onto the stack
    47 00000036 FF15[00000000]                  call    [exit]       ; call exit to terminate the program
